<?xml version="1.0" encoding="UTF-8"?>
<!-- Generated by org.testng.reporters.JUnitXMLReporter -->
<testsuite hostname="Suketa" failures="0" tests="3" name="Surefire test" time="0.077" errors="0" timestamp="29 Mar 2019 12:45:22 GMT">
  <testcase classname="com.test.app.firstTest" name="testtwo" time="0.004"/>
  <testcase classname="com.test.app.TestSecond" name="newest" time="0.001"/>
  <testcase classname="com.test.app.TestSecond" name="second" time="0.001"/>
</testsuite> <!-- Surefire test -->
