<?xml version="1.0" encoding="UTF-8"?>
<testng-results total="3" passed="3" failed="0" skipped="0">
  <reporter-output>
  </reporter-output>
  <suite started-at="2019-03-29T12:45:22Z" name="Surefire suite" finished-at="2019-03-29T12:45:22Z" duration-ms="77">
    <groups>
    </groups>
    <test started-at="2019-03-29T12:45:22Z" name="Surefire test" finished-at="2019-03-29T12:45:22Z" duration-ms="77">
      <class name="com.test.app.firstTest">
        <test-method signature="testtwo()[pri:0, instance:com.test.app.firstTest@38c6f217]" started-at="2019-03-29T18:15:22Z" name="testtwo" finished-at="2019-03-29T18:15:22Z" duration-ms="4" status="PASS">
          <reporter-output>
          </reporter-output>
        </test-method> <!-- testtwo -->
      </class> <!-- com.test.app.firstTest -->
      <class name="com.test.app.TestSecond">
        <test-method is-config="true" signature="first()[pri:0, instance:com.test.app.TestSecond@1aa7ecca]" started-at="2019-03-29T18:15:22Z" name="first" finished-at="2019-03-29T18:15:22Z" duration-ms="34" status="PASS">
          <reporter-output>
          </reporter-output>
        </test-method> <!-- first -->
        <test-method is-config="true" signature="testone()[pri:0, instance:com.test.app.firstTest@38c6f217]" started-at="2019-03-29T18:15:22Z" name="testone" finished-at="2019-03-29T18:15:22Z" duration-ms="1" status="PASS">
          <reporter-output>
          </reporter-output>
        </test-method> <!-- testone -->
        <test-method signature="newest()[pri:0, instance:com.test.app.TestSecond@1aa7ecca]" started-at="2019-03-29T18:15:22Z" name="newest" finished-at="2019-03-29T18:15:22Z" duration-ms="1" status="PASS">
          <reporter-output>
          </reporter-output>
        </test-method> <!-- newest -->
        <test-method signature="second()[pri:0, instance:com.test.app.TestSecond@1aa7ecca]" started-at="2019-03-29T18:15:22Z" name="second" finished-at="2019-03-29T18:15:22Z" duration-ms="1" status="PASS">
          <reporter-output>
          </reporter-output>
        </test-method> <!-- second -->
      </class> <!-- com.test.app.TestSecond -->
    </test> <!-- Surefire test -->
  </suite> <!-- Surefire suite -->
</testng-results>
