<?xml version="1.0" encoding="UTF-8"?>
<testng-results skipped="0" failed="0" ignored="0" total="1" passed="1">
  <reporter-output>
  </reporter-output>
  <suite name="Suite" duration-ms="145" started-at="2019-03-19T11:08:39Z" finished-at="2019-03-19T11:08:39Z">
    <groups>
    </groups>
    <test name="Test" duration-ms="145" started-at="2019-03-19T11:08:39Z" finished-at="2019-03-19T11:08:39Z">
      <class name="com.test.app.first">
        <test-method status="PASS" signature="testone()[pri:0, instance:com.test.app.first@49a9542c]" name="testone" is-config="true" duration-ms="42" started-at="2019-03-19T11:08:39Z" finished-at="2019-03-19T11:08:39Z">
          <reporter-output>
          </reporter-output>
        </test-method> <!-- testone -->
        <test-method status="PASS" signature="testtwo()[pri:0, instance:com.test.app.first@49a9542c]" name="testtwo" duration-ms="15" started-at="2019-03-19T11:08:39Z" finished-at="2019-03-19T11:08:39Z">
          <reporter-output>
          </reporter-output>
        </test-method> <!-- testtwo -->
      </class> <!-- com.test.app.first -->
    </test> <!-- Test -->
  </suite> <!-- Suite -->
</testng-results>
